<?xml version="1.0" encoding="UTF-8"?>
<testsuites>
  <testsuite name="" tests="2" assertions="2" errors="0" warnings="0" failures="0" skipped="0" time="2.757594">
    <testsuite name="Unit" tests="1" assertions="1" errors="0" warnings="0" failures="0" skipped="0" time="0.087435">
      <testsuite name="Tests\Unit\ExampleTest" file="/mnt/c/Users/NScha/Desktop/Projects/Galleme/Galleme/backend/tests/Unit/ExampleTest.php" tests="1" assertions="1" errors="0" warnings="0" failures="0" skipped="0" time="0.087435">
        <testcase name="test_example" class="Tests\Unit\ExampleTest" classname="Tests.Unit.ExampleTest" file="/mnt/c/Users/NScha/Desktop/Projects/Galleme/Galleme/backend/tests/Unit/ExampleTest.php" line="14" assertions="1" time="0.087435"/>
      </testsuite>
    </testsuite>
    <testsuite name="Feature" tests="1" assertions="1" errors="0" warnings="0" failures="0" skipped="0" time="2.670159">
      <testsuite name="Tests\Feature\ExampleTest" file="/mnt/c/Users/NScha/Desktop/Projects/Galleme/Galleme/backend/tests/Feature/ExampleTest.php" tests="1" assertions="1" errors="0" warnings="0" failures="0" skipped="0" time="2.670159">
        <testcase name="test_example" class="Tests\Feature\ExampleTest" classname="Tests.Feature.ExampleTest" file="/mnt/c/Users/NScha/Desktop/Projects/Galleme/Galleme/backend/tests/Feature/ExampleTest.php" line="15" assertions="1" time="2.670159"/>
      </testsuite>
    </testsuite>
  </testsuite>
</testsuites>
